#
# There is insufficient memory for the Java Runtime Environment to continue.
# Native memory allocation (malloc) failed to allocate 1048576 bytes for AllocateHeap
# Possible reasons:
#   The system is out of physical RAM or swap space
#   The process is running with CompressedOops enabled, and the Java Heap may be blocking the growth of the native heap
# Possible solutions:
#   Reduce memory load on the system
#   Increase physical memory or swap space
#   Check if swap backing store is full
#   Decrease Java heap size (-Xmx/-Xms)
#   Decrease number of Java threads
#   Decrease Java thread stack sizes (-Xss)
#   Set larger code cache with -XX:ReservedCodeCacheSize=
#   JVM is running with Zero Based Compressed Oops mode in which the Java heap is
#     placed in the first 32GB address space. The Java Heap base address is the
#     maximum limit for the native heap growth. Please use -XX:HeapBaseMinAddress
#     to set the Java Heap base and to place the Java Heap above 32GB virtual address.
# This output file may be truncated or incomplete.
#
#  Out of Memory Error (allocation.cpp:44), pid=4148, tid=5464
#
# JRE version:  (17.0.6+10) (build )
# Java VM: OpenJDK 64-Bit Server VM (17.0.6+10-b829.9, mixed mode, sharing, tiered, compressed oops, compressed class ptrs, g1 gc, windows-amd64)
# No core dump will be written. Minidumps are not enabled by default on client versions of Windows
#

---------------  S U M M A R Y ------------

Command Line: git4idea.http.GitAskPassApp Username for 'https://github.com': 

Host: AMD Ryzen 5 5500U with Radeon Graphics         , 12 cores, 15G,  Windows 11 , 64 bit Build 22621 (10.0.22621.3672)
Time: Mon Jun 24 00:02:22 2024 RTZ 2 (s 11 , 64 bit Build 22621 (10.0.22621.3672) elapsed time: 0.034442 seconds (0d 0h 0m 0s)

---------------  T H R E A D  ---------------

Current thread (0x000002bfcc9dd230):  JavaThread "Unknown thread" [_thread_in_vm, id=5464, stack(0x000000d50b400000,0x000000d50b500000)]

Stack: [0x000000d50b400000,0x000000d50b500000]
Native frames: (J=compiled Java code, j=interpreted, Vv=VM code, C=native code)
V  [jvm.dll+0x683c5a]
V  [jvm.dll+0x842764]
V  [jvm.dll+0x843f5e]
V  [jvm.dll+0x8445c3]
V  [jvm.dll+0x249b75]
V  [jvm.dll+0xa641f]
V  [jvm.dll+0x2e8e27]
V  [jvm.dll+0x2e0b3b]
V  [jvm.dll+0x814051]
V  [jvm.dll+0x36e6a1]
V  [jvm.dll+0x7f358c]
V  [jvm.dll+0x3f0e8f]
V  [jvm.dll+0x3f29d1]
C  [jli.dll+0x526b]
C  [ucrtbase.dll+0x29333]
C  [KERNEL32.DLL+0x1257d]
C  [ntdll.dll+0x5af28]


---------------  P R O C E S S  ---------------

Threads class SMR info:
_java_thread_list=0x00007ffa6418c058, length=0, elements={
}

Java Threads: ( => current thread )

Other Threads:
  0x000002bfcebe9300 GCTaskThread "GC Thread#0" [stack: 0x000000d50b500000,0x000000d50b600000] [id=18348]

[error occurred during error reporting (printing all threads), id 0xc0000005, EXCEPTION_ACCESS_VIOLATION (0xc0000005) at pc=0x00007ffa6393dd70]

VM state: not at safepoint (not fully initialized)

VM Mutex/Monitor currently owned by a thread:  ([mutex/lock_event])
[0x000002bfceb80b60] Heap_lock - owner thread: 0x000002bfcc9dd230

Heap address: 0x000000070a800000, size: 3928 MB, Compressed Oops mode: Zero based, Oop shift amount: 3

CDS archive(s) mapped at: [0x0000000000000000-0x0000000000000000-0x0000000000000000), size 0, SharedBaseAddress: 0x0000000800000000, ArchiveRelocationMode: 0.
Narrow klass base: 0x0000000000000000, Narrow klass shift: 0, Narrow klass range: 0x0

GC Precious Log:
<Empty>

Heap:
 garbage-first heap   total 0K, used 0K [0x000000070a800000, 0x0000000800000000)
  region size 2048K, 0 young (0K), 0 survivors (0K)

[error occurred during error reporting (printing heap information), id 0xc0000005, EXCEPTION_ACCESS_VIOLATION (0xc0000005) at pc=0x00007ffa63d2da49]

GC Heap History (0 events):
No events

Dll operation events (1 events):
Event: 0.023 Loaded shared library C:\Program Files\JetBrains\IntelliJ IDEA Community Edition 2023.1.2\jbr\bin\java.dll

Deoptimization events (0 events):
No events

Classes unloaded (0 events):
No events

Classes redefined (0 events):
No events

Internal exceptions (0 events):
No events

VM Operations (0 events):
No events

Events (0 events):
No events


Dynamic libraries:
0x00007ff7bc360000 - 0x00007ff7bc36a000 	C:\Program Files\JetBrains\IntelliJ IDEA Community Edition 2023.1.2\jbr\bin\java.exe
0x00007ffaf0910000 - 0x00007ffaf0b27000 	C:\WINDOWS\SYSTEM32\ntdll.dll
0x00007ffaef300000 - 0x00007ffaef3c4000 	C:\WINDOWS\System32\KERNEL32.DLL
0x00007ffaee220000 - 0x00007ffaee5cc000 	C:\WINDOWS\System32\KERNELBASE.dll
0x00007ffaedc40000 - 0x00007ffaedd51000 	C:\WINDOWS\System32\ucrtbase.dll
0x00007ffadc920000 - 0x00007ffadc937000 	C:\Program Files\JetBrains\IntelliJ IDEA Community Edition 2023.1.2\jbr\bin\jli.dll
0x00007ffac8cf0000 - 0x00007ffac8d0b000 	C:\Program Files\JetBrains\IntelliJ IDEA Community Edition 2023.1.2\jbr\bin\VCRUNTIME140.dll
0x00007ffaef810000 - 0x00007ffaef9be000 	C:\WINDOWS\System32\USER32.dll
0x00007ffaeddd0000 - 0x00007ffaeddf6000 	C:\WINDOWS\System32\win32u.dll
0x00007ffaf0030000 - 0x00007ffaf0059000 	C:\WINDOWS\System32\GDI32.dll
0x00007ffad4330000 - 0x00007ffad45c3000 	C:\WINDOWS\WinSxS\amd64_microsoft.windows.common-controls_6595b64144ccf1df_6.0.22621.3672_none_2713b9d173822955\COMCTL32.dll
0x00007ffaedec0000 - 0x00007ffaedfd9000 	C:\WINDOWS\System32\gdi32full.dll
0x00007ffaef3d0000 - 0x00007ffaef477000 	C:\WINDOWS\System32\msvcrt.dll
0x00007ffaedfe0000 - 0x00007ffaee07a000 	C:\WINDOWS\System32\msvcp_win.dll
0x00007ffaefe20000 - 0x00007ffaefe51000 	C:\WINDOWS\System32\IMM32.DLL
0x00007ffae4b40000 - 0x00007ffae4b4c000 	C:\Program Files\JetBrains\IntelliJ IDEA Community Edition 2023.1.2\jbr\bin\vcruntime140_1.dll
0x00007ffabbd80000 - 0x00007ffabbe0d000 	C:\Program Files\JetBrains\IntelliJ IDEA Community Edition 2023.1.2\jbr\bin\msvcp140.dll
0x00007ffa63650000 - 0x00007ffa642be000 	C:\Program Files\JetBrains\IntelliJ IDEA Community Edition 2023.1.2\jbr\bin\server\jvm.dll
0x00007ffaefb90000 - 0x00007ffaefc42000 	C:\WINDOWS\System32\ADVAPI32.dll
0x00007ffaee940000 - 0x00007ffaee9ea000 	C:\WINDOWS\System32\sechost.dll
0x00007ffaee080000 - 0x00007ffaee0a8000 	C:\WINDOWS\System32\bcrypt.dll
0x00007ffaefd00000 - 0x00007ffaefe15000 	C:\WINDOWS\System32\RPCRT4.dll
0x00007ffae4c50000 - 0x00007ffae4c5a000 	C:\WINDOWS\SYSTEM32\VERSION.dll
0x00007ffac8d90000 - 0x00007ffac8d99000 	C:\WINDOWS\SYSTEM32\WSOCK32.dll
0x00007ffaea500000 - 0x00007ffaea534000 	C:\WINDOWS\SYSTEM32\WINMM.dll
0x00007ffaee7c0000 - 0x00007ffaee831000 	C:\WINDOWS\System32\WS2_32.dll
0x00007ffaecc30000 - 0x00007ffaecc48000 	C:\WINDOWS\SYSTEM32\kernel.appcore.dll
0x00007ffae84b0000 - 0x00007ffae84ba000 	C:\Program Files\JetBrains\IntelliJ IDEA Community Edition 2023.1.2\jbr\bin\jimage.dll
0x00007ffaeb020000 - 0x00007ffaeb252000 	C:\WINDOWS\SYSTEM32\DBGHELP.DLL
0x00007ffaef480000 - 0x00007ffaef808000 	C:\WINDOWS\System32\combase.dll
0x00007ffaef9d0000 - 0x00007ffaefaa7000 	C:\WINDOWS\System32\OLEAUT32.dll
0x00007ffaccae0000 - 0x00007ffaccb12000 	C:\WINDOWS\SYSTEM32\dbgcore.DLL
0x00007ffaee5d0000 - 0x00007ffaee64b000 	C:\WINDOWS\System32\bcryptPrimitives.dll
0x00007ffae56c0000 - 0x00007ffae56e5000 	C:\Program Files\JetBrains\IntelliJ IDEA Community Edition 2023.1.2\jbr\bin\java.dll

dbghelp: loaded successfully - version: 4.0.5 - missing functions: none
symbol engine: initialized successfully - sym options: 0x614 - pdb path: .;C:\Program Files\JetBrains\IntelliJ IDEA Community Edition 2023.1.2\jbr\bin;C:\WINDOWS\SYSTEM32;C:\WINDOWS\WinSxS\amd64_microsoft.windows.common-controls_6595b64144ccf1df_6.0.22621.3672_none_2713b9d173822955;C:\Program Files\JetBrains\IntelliJ IDEA Community Edition 2023.1.2\jbr\bin\server

VM Arguments:
java_command: git4idea.http.GitAskPassApp Username for 'https://github.com': 
java_class_path (initial): C:/Program Files/JetBrains/IntelliJ IDEA Community Edition 2023.1.2/plugins/vcs-git/lib/git4idea-rt.jar;C:/Program Files/JetBrains/IntelliJ IDEA Community Edition 2023.1.2/lib/externalProcess-rt.jar
Launcher Type: SUN_STANDARD

[Global flags]
     intx CICompilerCount                          = 4                                         {product} {ergonomic}
     uint ConcGCThreads                            = 3                                         {product} {ergonomic}
     uint G1ConcRefinementThreads                  = 10                                        {product} {ergonomic}
   size_t G1HeapRegionSize                         = 2097152                                   {product} {ergonomic}
    uintx GCDrainStackTargetSize                   = 64                                        {product} {ergonomic}
   size_t InitialHeapSize                          = 257949696                                 {product} {ergonomic}
   size_t MarkStackSize                            = 4194304                                   {product} {ergonomic}
   size_t MaxHeapSize                              = 4118806528                                {product} {ergonomic}
   size_t MinHeapDeltaBytes                        = 2097152                                   {product} {ergonomic}
   size_t MinHeapSize                              = 8388608                                   {product} {ergonomic}
    uintx NonNMethodCodeHeapSize                   = 5839372                                {pd product} {ergonomic}
    uintx NonProfiledCodeHeapSize                  = 122909434                              {pd product} {ergonomic}
    uintx ProfiledCodeHeapSize                     = 122909434                              {pd product} {ergonomic}
    uintx ReservedCodeCacheSize                    = 251658240                              {pd product} {ergonomic}
     bool SegmentedCodeCache                       = true                                      {product} {ergonomic}
   size_t SoftMaxHeapSize                          = 4118806528                             {manageable} {ergonomic}
     bool UseCompressedClassPointers               = true                           {product lp64_product} {ergonomic}
     bool UseCompressedOops                        = true                           {product lp64_product} {ergonomic}
     bool UseG1GC                                  = true                                      {product} {ergonomic}
     bool UseLargePagesIndividualAllocation        = false                                  {pd product} {ergonomic}

Logging:
Log output configuration:
 #0: stdout all=warning uptime,level,tags
 #1: stderr all=off uptime,level,tags

Environment Variables:
JAVA_HOME=C:\Program Files\Amazon Corretto\
PATH=C:\Program Files\Git\mingw64\libexec\git-core;C:\Program Files\Git\mingw64\libexec\git-core;C:\Program Files\Git\mingw64\bin;C:\Program Files\Git\usr\bin;C:\Users\vvp\bin;C:\Program Files\Amazon Corretto\jdk11.0.19_7\bin;C:\WINDOWS\system32;C:\WINDOWS;C:\WINDOWS\System32\Wbem;C:\WINDOWS\System32\WindowsPowerShell\v1.0;C:\WINDOWS\System32\OpenSSH;C:\Program Files\Git\cmd;C:\Program Files\Docker\Docker\resources\bin;C:\Users\vvp\AppData\Local\Microsoft\WindowsApps;C:\Program Files\JetBrains\IntelliJ IDEA Community Edition 2023.1.2\bin;C:\Program Files\Amazon Corretto\bin
USERNAME=vvp
DISPLAY=:0.0
LC_ALL=en_US.UTF-8
TERM=xterm-256color
TMPDIR=C:\Users\vvp\AppData\Local\Temp
OS=Windows_NT
PROCESSOR_IDENTIFIER=AMD64 Family 23 Model 104 Stepping 1, AuthenticAMD
TMP=C:\Users\vvp\AppData\Local\Temp
TEMP=C:\Users\vvp\AppData\Local\Temp


JNI global refs:

[error occurred during error reporting (JNI global references), id 0xc0000005, EXCEPTION_ACCESS_VIOLATION (0xc0000005) at pc=0x00007ffa63707a10]


---------------  S Y S T E M  ---------------

OS:
 Windows 11 , 64 bit Build 22621 (10.0.22621.3672)
OS uptime: 3 days 1:36 hours
Hyper-V role detected

CPU: total 12 (initial active 12) (12 cores per cpu, 2 threads per core) family 23 model 104 stepping 1 microcode 0x0, cx8, cmov, fxsr, ht, mmx, 3dnowpref, sse, sse2, sse3, ssse3, sse4a, sse4.1, sse4.2, popcnt, lzcnt, tsc, tscinvbit, avx, avx2, aes, clmul, bmi1, bmi2, adx, sha, fma, vzeroupper, clflush, clflushopt, hv

Memory: 4k page, system-wide physical 15706M (1760M free)
TotalPageFile size 20041M (AvailPageFile size 5M)
current process WorkingSet (physical memory assigned to process): 11M, peak: 11M
current process commit charge ("private bytes"): 56M, peak: 57M

vm_info: OpenJDK 64-Bit Server VM (17.0.6+10-b829.9) for windows-amd64 JRE (17.0.6+10-b829.9), built on 2023-04-09 by "builduser" with MS VC++ 16.10 / 16.11 (VS2019)

END.
